#-----------------------------------------------------------
# Vivado v2018.2 (64-bit)
# SW Build 2258646 on Thu Jun 14 20:03:12 MDT 2018
# IP Build 2256618 on Thu Jun 14 22:10:49 MDT 2018
# Start of session at: Thu Aug 18 06:15:31 2022
# Process ID: 29316
# Current directory: D:/Gimhan Sandeeptha/Gimhan/Semester 02/Computer Organization and Digital Design/Labs/Lab 10/LAB_PROJECT/Lab10full/Lab 10 full/Lab 10
# Command line: vivado.exe -gui_launcher_event rodinguilauncherevent28024 D:\Gimhan Sandeeptha\Gimhan\Semester 02\Computer Organization and Digital Design\Labs\Lab 10\LAB_PROJECT\Lab10full\Lab 10 full\Lab 10\Lab_10.xpr
# Log file: D:/Gimhan Sandeeptha/Gimhan/Semester 02/Computer Organization and Digital Design/Labs/Lab 10/LAB_PROJECT/Lab10full/Lab 10 full/Lab 10/vivado.log
# Journal file: D:/Gimhan Sandeeptha/Gimhan/Semester 02/Computer Organization and Digital Design/Labs/Lab 10/LAB_PROJECT/Lab10full/Lab 10 full/Lab 10\vivado.jou
#-----------------------------------------------------------
start_gui
open_project {D:/Gimhan Sandeeptha/Gimhan/Semester 02/Computer Organization and Digital Design/Labs/Lab 10/LAB_PROJECT/Lab10full/Lab 10 full/Lab 10/Lab_10.xpr}
INFO: [ProjectBase 1-489] The host OS only allows 260 characters in a normal path. The project is stored in a path with more than 80 characters. If you experience issues with IP, Block Designs, or files not being found, please consider moving the project to a location with a shorter path. Alternately consider using the OS subst command to map part of the path to a drive letter.
Current project path is 'D:/Gimhan Sandeeptha/Gimhan/Semester 02/Computer Organization and Digital Design/Labs/Lab 10/LAB_PROJECT/Lab10full/Lab 10 full/Lab 10'
INFO: [Project 1-313] Project file moved from 'D:/LAB_PROJECT/Lab 10 full/Lab 10 full/Lab 10' since last save.
CRITICAL WARNING: [Project 1-311] Could not find the file 'D:/Gimhan Sandeeptha/Gimhan/Semester 02/Computer Organization and Digital Design/Labs/Lab 10/LAB_PROJECT/Lab10full/Lab 10 full/Lab 10/Lab_10.srcs/sources_1/imports/new/ALU.vhd', nor could it be found using path 'D:/LAB_PROJECT/Lab 10 full/Lab 10 full/Lab 10/Lab 10.srcs/sources_1/imports/new/ALU.vhd'.
CRITICAL WARNING: [Project 1-311] Could not find the file 'D:/Gimhan Sandeeptha/Gimhan/Semester 02/Computer Organization and Digital Design/Labs/Lab 10/LAB_PROJECT/Lab10full/Lab 10 full/Lab 10/Lab_10.srcs/sources_1/imports/sources_1/new/Anode.vhd', nor could it be found using path 'D:/LAB_PROJECT/Lab 10 full/Lab 10 full/Lab 10/Lab 10.srcs/sources_1/imports/sources_1/new/Anode.vhd'.
CRITICAL WARNING: [Project 1-311] Could not find the file 'D:/Gimhan Sandeeptha/Gimhan/Semester 02/Computer Organization and Digital Design/Labs/Lab 10/LAB_PROJECT/Lab10full/Lab 10 full/Lab 10/Lab_10.srcs/sources_1/imports/new/BitShifter.vhd', nor could it be found using path 'D:/LAB_PROJECT/Lab 10 full/Lab 10 full/Lab 10/Lab 10.srcs/sources_1/imports/new/BitShifter.vhd'.
CRITICAL WARNING: [Project 1-311] Could not find the file 'D:/Gimhan Sandeeptha/Gimhan/Semester 02/Computer Organization and Digital Design/Labs/Lab 10/LAB_PROJECT/Lab10full/Lab 10 full/Lab 10/Lab_10.srcs/sources_1/imports/new/Bitshiftleft.vhd', nor could it be found using path 'D:/LAB_PROJECT/Lab 10 full/Lab 10 full/Lab 10/Lab 10.srcs/sources_1/imports/new/Bitshiftleft.vhd'.
CRITICAL WARNING: [Project 1-311] Could not find the file 'D:/Gimhan Sandeeptha/Gimhan/Semester 02/Computer Organization and Digital Design/Labs/Lab 10/LAB_PROJECT/Lab10full/Lab 10 full/Lab 10/Lab_10.srcs/sources_1/imports/new/Bitshiftright.vhd', nor could it be found using path 'D:/LAB_PROJECT/Lab 10 full/Lab 10 full/Lab 10/Lab 10.srcs/sources_1/imports/new/Bitshiftright.vhd'.
CRITICAL WARNING: [Project 1-311] Could not find the file 'D:/Gimhan Sandeeptha/Gimhan/Semester 02/Computer Organization and Digital Design/Labs/Lab 10/LAB_PROJECT/Lab10full/Lab 10 full/Lab 10/Lab_10.srcs/sources_1/imports/new/CMP.vhd', nor could it be found using path 'D:/LAB_PROJECT/Lab 10 full/Lab 10 full/Lab 10/Lab 10.srcs/sources_1/imports/new/CMP.vhd'.
CRITICAL WARNING: [Project 1-311] Could not find the file 'D:/Gimhan Sandeeptha/Gimhan/Semester 02/Computer Organization and Digital Design/Labs/Lab 10/LAB_PROJECT/Lab10full/Lab 10 full/Lab 10/Lab_10.srcs/sources_1/imports/new/Combiner.vhd', nor could it be found using path 'D:/LAB_PROJECT/Lab 10 full/Lab 10 full/Lab 10/Lab 10.srcs/sources_1/imports/new/Combiner.vhd'.
CRITICAL WARNING: [Project 1-311] Could not find the file 'D:/Gimhan Sandeeptha/Gimhan/Semester 02/Computer Organization and Digital Design/Labs/Lab 10/LAB_PROJECT/Lab10full/Lab 10 full/Lab 10/Lab_10.srcs/sources_1/imports/new/Combiner_div.vhd', nor could it be found using path 'D:/LAB_PROJECT/Lab 10 full/Lab 10 full/Lab 10/Lab 10.srcs/sources_1/imports/new/Combiner_div.vhd'.
CRITICAL WARNING: [Project 1-311] Could not find the file 'D:/Gimhan Sandeeptha/Gimhan/Semester 02/Computer Organization and Digital Design/Labs/Lab 10/LAB_PROJECT/Lab10full/Lab 10 full/Lab 10/Lab_10.srcs/sources_1/imports/new/DFF.vhd', nor could it be found using path 'D:/LAB_PROJECT/Lab 10 full/Lab 10 full/Lab 10/Lab 10.srcs/sources_1/imports/new/DFF.vhd'.
CRITICAL WARNING: [Project 1-311] Could not find the file 'D:/Gimhan Sandeeptha/Gimhan/Semester 02/Computer Organization and Digital Design/Labs/Lab 10/LAB_PROJECT/Lab10full/Lab 10 full/Lab 10/Lab_10.srcs/sources_1/imports/sources_1/new/Dec_2_to_4.vhd', nor could it be found using path 'D:/LAB_PROJECT/Lab 10 full/Lab 10 full/Lab 10/Lab 10.srcs/sources_1/imports/sources_1/new/Dec_2_to_4.vhd'.
CRITICAL WARNING: [Project 1-311] Could not find the file 'D:/Gimhan Sandeeptha/Gimhan/Semester 02/Computer Organization and Digital Design/Labs/Lab 10/LAB_PROJECT/Lab10full/Lab 10 full/Lab 10/Lab_10.srcs/sources_1/imports/sources_1/new/Dec_3_to_8.vhd', nor could it be found using path 'D:/LAB_PROJECT/Lab 10 full/Lab 10 full/Lab 10/Lab 10.srcs/sources_1/imports/sources_1/new/Dec_3_to_8.vhd'.
CRITICAL WARNING: [Project 1-311] Could not find the file 'D:/Gimhan Sandeeptha/Gimhan/Semester 02/Computer Organization and Digital Design/Labs/Lab 10/LAB_PROJECT/Lab10full/Lab 10 full/Lab 10/Lab_10.srcs/sources_1/imports/sources_1/imports/new/Decoder_2_to_4.vhd', nor could it be found using path 'D:/LAB_PROJECT/Lab 10 full/Lab 10 full/Lab 10/Lab 10.srcs/sources_1/imports/sources_1/imports/new/Decoder_2_to_4.vhd'.
CRITICAL WARNING: [Project 1-311] Could not find the file 'D:/Gimhan Sandeeptha/Gimhan/Semester 02/Computer Organization and Digital Design/Labs/Lab 10/LAB_PROJECT/Lab10full/Lab 10 full/Lab 10/Lab_10.srcs/sources_1/imports/sources_1/imports/new/Decoder_3_to_8.vhd', nor could it be found using path 'D:/LAB_PROJECT/Lab 10 full/Lab 10 full/Lab 10/Lab 10.srcs/sources_1/imports/sources_1/imports/new/Decoder_3_to_8.vhd'.
CRITICAL WARNING: [Project 1-311] Could not find the file 'D:/Gimhan Sandeeptha/Gimhan/Semester 02/Computer Organization and Digital Design/Labs/Lab 10/LAB_PROJECT/Lab10full/Lab 10 full/Lab 10/Lab_10.srcs/sources_1/imports/new/Divider.vhd', nor could it be found using path 'D:/LAB_PROJECT/Lab 10 full/Lab 10 full/Lab 10/Lab 10.srcs/sources_1/imports/new/Divider.vhd'.
CRITICAL WARNING: [Project 1-311] Could not find the file 'D:/Gimhan Sandeeptha/Gimhan/Semester 02/Computer Organization and Digital Design/Labs/Lab 10/LAB_PROJECT/Lab10full/Lab 10 full/Lab 10/Lab_10.srcs/sources_1/imports/new/Divider_1bit.vhd', nor could it be found using path 'D:/LAB_PROJECT/Lab 10 full/Lab 10 full/Lab 10/Lab 10.srcs/sources_1/imports/new/Divider_1bit.vhd'.
CRITICAL WARNING: [Project 1-311] Could not find the file 'D:/Gimhan Sandeeptha/Gimhan/Semester 02/Computer Organization and Digital Design/Labs/Lab 10/LAB_PROJECT/Lab10full/Lab 10 full/Lab 10/Lab_10.srcs/sources_1/imports/new/FA.vhd', nor could it be found using path 'D:/LAB_PROJECT/Lab 10 full/Lab 10 full/Lab 10/Lab 10.srcs/sources_1/imports/new/FA.vhd'.
CRITICAL WARNING: [Project 1-311] Could not find the file 'D:/Gimhan Sandeeptha/Gimhan/Semester 02/Computer Organization and Digital Design/Labs/Lab 10/LAB_PROJECT/Lab10full/Lab 10 full/Lab 10/Lab_10.srcs/sources_1/imports/new/HA.vhd', nor could it be found using path 'D:/LAB_PROJECT/Lab 10 full/Lab 10 full/Lab 10/Lab 10.srcs/sources_1/imports/new/HA.vhd'.
CRITICAL WARNING: [Project 1-311] Could not find the file 'D:/Gimhan Sandeeptha/Gimhan/Semester 02/Computer Organization and Digital Design/Labs/Lab 10/LAB_PROJECT/Lab10full/Lab 10 full/Lab 10/Lab_10.srcs/sources_1/imports/new/INS_DECO2.vhd', nor could it be found using path 'D:/LAB_PROJECT/Lab 10 full/Lab 10 full/Lab 10/Lab 10.srcs/sources_1/imports/new/INS_DECO2.vhd'.
CRITICAL WARNING: [Project 1-311] Could not find the file 'D:/Gimhan Sandeeptha/Gimhan/Semester 02/Computer Organization and Digital Design/Labs/Lab 10/LAB_PROJECT/Lab10full/Lab 10 full/Lab 10/Lab_10.srcs/sources_1/imports/new/Inverter.vhd', nor could it be found using path 'D:/LAB_PROJECT/Lab 10 full/Lab 10 full/Lab 10/Lab 10.srcs/sources_1/imports/new/Inverter.vhd'.
CRITICAL WARNING: [Project 1-311] Could not find the file 'D:/Gimhan Sandeeptha/Gimhan/Semester 02/Computer Organization and Digital Design/Labs/Lab 10/LAB_PROJECT/Lab10full/Lab 10 full/Lab 10/Lab_10.srcs/sources_1/imports/sources_1/imports/new/LUT_16_7.vhd', nor could it be found using path 'D:/LAB_PROJECT/Lab 10 full/Lab 10 full/Lab 10/Lab 10.srcs/sources_1/imports/sources_1/imports/new/LUT_16_7.vhd'.
CRITICAL WARNING: [Project 1-311] Could not find the file 'D:/Gimhan Sandeeptha/Gimhan/Semester 02/Computer Organization and Digital Design/Labs/Lab 10/LAB_PROJECT/Lab10full/Lab 10 full/Lab 10/Lab_10.srcs/sources_1/imports/sources_1/imports/sources_1/new/MUX_1_to_2.vhd', nor could it be found using path 'D:/LAB_PROJECT/Lab 10 full/Lab 10 full/Lab 10/Lab 10.srcs/sources_1/imports/sources_1/imports/sources_1/new/MUX_1_to_2.vhd'.
CRITICAL WARNING: [Project 1-311] Could not find the file 'D:/Gimhan Sandeeptha/Gimhan/Semester 02/Computer Organization and Digital Design/Labs/Lab 10/LAB_PROJECT/Lab10full/Lab 10 full/Lab 10/Lab_10.srcs/sources_1/imports/new/MUX_2_8.vhd', nor could it be found using path 'D:/LAB_PROJECT/Lab 10 full/Lab 10 full/Lab 10/Lab 10.srcs/sources_1/imports/new/MUX_2_8.vhd'.
CRITICAL WARNING: [Project 1-311] Could not find the file 'D:/Gimhan Sandeeptha/Gimhan/Semester 02/Computer Organization and Digital Design/Labs/Lab 10/LAB_PROJECT/Lab10full/Lab 10 full/Lab 10/Lab_10.srcs/sources_1/imports/new/MUX_2_WAY_4bit.vhd', nor could it be found using path 'D:/LAB_PROJECT/Lab 10 full/Lab 10 full/Lab 10/Lab 10.srcs/sources_1/imports/new/MUX_2_WAY_4bit.vhd'.
CRITICAL WARNING: [Project 1-311] Could not find the file 'D:/Gimhan Sandeeptha/Gimhan/Semester 02/Computer Organization and Digital Design/Labs/Lab 10/LAB_PROJECT/Lab10full/Lab 10 full/Lab 10/Lab_10.srcs/sources_1/imports/sources_1/new/MUX_2_to_1.vhd', nor could it be found using path 'D:/LAB_PROJECT/Lab 10 full/Lab 10 full/Lab 10/Lab 10.srcs/sources_1/imports/sources_1/new/MUX_2_to_1.vhd'.
CRITICAL WARNING: [Project 1-311] Could not find the file 'D:/Gimhan Sandeeptha/Gimhan/Semester 02/Computer Organization and Digital Design/Labs/Lab 10/LAB_PROJECT/Lab10full/Lab 10 full/Lab 10/Lab_10.srcs/sources_1/imports/sources_1/imports/sources_1/new/MUX_2_way_4_bit.vhd', nor could it be found using path 'D:/LAB_PROJECT/Lab 10 full/Lab 10 full/Lab 10/Lab 10.srcs/sources_1/imports/sources_1/imports/sources_1/new/MUX_2_way_4_bit.vhd'.
CRITICAL WARNING: [Project 1-311] Could not find the file 'D:/Gimhan Sandeeptha/Gimhan/Semester 02/Computer Organization and Digital Design/Labs/Lab 10/LAB_PROJECT/Lab10full/Lab 10 full/Lab 10/Lab_10.srcs/sources_1/imports/sources_1/new/MUX_2_way_8_bit.vhd', nor could it be found using path 'D:/LAB_PROJECT/Lab 10 full/Lab 10 full/Lab 10/Lab 10.srcs/sources_1/imports/sources_1/new/MUX_2_way_8_bit.vhd'.
CRITICAL WARNING: [Project 1-311] Could not find the file 'D:/Gimhan Sandeeptha/Gimhan/Semester 02/Computer Organization and Digital Design/Labs/Lab 10/LAB_PROJECT/Lab10full/Lab 10 full/Lab 10/Lab_10.srcs/sources_1/imports/new/MUX_2_way_8bit.vhd', nor could it be found using path 'D:/LAB_PROJECT/Lab 10 full/Lab 10 full/Lab 10/Lab 10.srcs/sources_1/imports/new/MUX_2_way_8bit.vhd'.
CRITICAL WARNING: [Project 1-311] Could not find the file 'D:/Gimhan Sandeeptha/Gimhan/Semester 02/Computer Organization and Digital Design/Labs/Lab 10/LAB_PROJECT/Lab10full/Lab 10 full/Lab 10/Lab_10.srcs/sources_1/imports/new/MUX_4_8.vhd', nor could it be found using path 'D:/LAB_PROJECT/Lab 10 full/Lab 10 full/Lab 10/Lab 10.srcs/sources_1/imports/new/MUX_4_8.vhd'.
CRITICAL WARNING: [Project 1-311] Could not find the file 'D:/Gimhan Sandeeptha/Gimhan/Semester 02/Computer Organization and Digital Design/Labs/Lab 10/LAB_PROJECT/Lab10full/Lab 10 full/Lab 10/Lab_10.srcs/sources_1/imports/new/MUX_8_8.vhd', nor could it be found using path 'D:/LAB_PROJECT/Lab 10 full/Lab 10 full/Lab 10/Lab 10.srcs/sources_1/imports/new/MUX_8_8.vhd'.
CRITICAL WARNING: [Project 1-311] Could not find the file 'D:/Gimhan Sandeeptha/Gimhan/Semester 02/Computer Organization and Digital Design/Labs/Lab 10/LAB_PROJECT/Lab10full/Lab 10 full/Lab 10/Lab_10.srcs/sources_1/imports/sources_1/new/MUX_8_way_8_bit.vhd', nor could it be found using path 'D:/LAB_PROJECT/Lab 10 full/Lab 10 full/Lab 10/Lab 10.srcs/sources_1/imports/sources_1/new/MUX_8_way_8_bit.vhd'.
CRITICAL WARNING: [Project 1-311] Could not find the file 'D:/Gimhan Sandeeptha/Gimhan/Semester 02/Computer Organization and Digital Design/Labs/Lab 10/LAB_PROJECT/Lab10full/Lab 10 full/Lab 10/Lab_10.srcs/sources_1/imports/new/Multiplier.vhd', nor could it be found using path 'D:/LAB_PROJECT/Lab 10 full/Lab 10 full/Lab 10/Lab 10.srcs/sources_1/imports/new/Multiplier.vhd'.
CRITICAL WARNING: [Project 1-311] Could not find the file 'D:/Gimhan Sandeeptha/Gimhan/Semester 02/Computer Organization and Digital Design/Labs/Lab 10/LAB_PROJECT/Lab10full/Lab 10 full/Lab 10/Lab_10.srcs/sources_1/imports/sources_1/imports/new/Mux_8_to_1.vhd', nor could it be found using path 'D:/LAB_PROJECT/Lab 10 full/Lab 10 full/Lab 10/Lab 10.srcs/sources_1/imports/sources_1/imports/new/Mux_8_to_1.vhd'.
CRITICAL WARNING: [Project 1-311] Could not find the file 'D:/Gimhan Sandeeptha/Gimhan/Semester 02/Computer Organization and Digital Design/Labs/Lab 10/LAB_PROJECT/Lab10full/Lab 10 full/Lab 10/Lab_10.srcs/sources_1/new/NanoProcessorLower.vhd', nor could it be found using path 'D:/LAB_PROJECT/Lab 10 full/Lab 10 full/Lab 10/Lab 10.srcs/sources_1/new/NanoProcessorLower.vhd'.
CRITICAL WARNING: [Project 1-311] Could not find the file 'D:/Gimhan Sandeeptha/Gimhan/Semester 02/Computer Organization and Digital Design/Labs/Lab 10/LAB_PROJECT/Lab10full/Lab 10 full/Lab 10/Lab_10.srcs/sources_1/new/NanoProcessorUpper.vhd', nor could it be found using path 'D:/LAB_PROJECT/Lab 10 full/Lab 10 full/Lab 10/Lab 10.srcs/sources_1/new/NanoProcessorUpper.vhd'.
CRITICAL WARNING: [Project 1-311] Could not find the file 'D:/Gimhan Sandeeptha/Gimhan/Semester 02/Computer Organization and Digital Design/Labs/Lab 10/LAB_PROJECT/Lab10full/Lab 10 full/Lab 10/Lab_10.srcs/sources_1/imports/new/Out_unit.vhd', nor could it be found using path 'D:/LAB_PROJECT/Lab 10 full/Lab 10 full/Lab 10/Lab 10.srcs/sources_1/imports/new/Out_unit.vhd'.
CRITICAL WARNING: [Project 1-311] Could not find the file 'D:/Gimhan Sandeeptha/Gimhan/Semester 02/Computer Organization and Digital Design/Labs/Lab 10/LAB_PROJECT/Lab10full/Lab 10 full/Lab 10/Lab_10.srcs/sources_1/imports/new/PROM.vhd', nor could it be found using path 'D:/LAB_PROJECT/Lab 10 full/Lab 10 full/Lab 10/Lab 10.srcs/sources_1/imports/new/PROM.vhd'.
CRITICAL WARNING: [Project 1-311] Could not find the file 'D:/Gimhan Sandeeptha/Gimhan/Semester 02/Computer Organization and Digital Design/Labs/Lab 10/LAB_PROJECT/Lab10full/Lab 10 full/Lab 10/Lab_10.srcs/sources_1/imports/new/Power.vhd', nor could it be found using path 'D:/LAB_PROJECT/Lab 10 full/Lab 10 full/Lab 10/Lab 10.srcs/sources_1/imports/new/Power.vhd'.
CRITICAL WARNING: [Project 1-311] Could not find the file 'D:/Gimhan Sandeeptha/Gimhan/Semester 02/Computer Organization and Digital Design/Labs/Lab 10/LAB_PROJECT/Lab10full/Lab 10 full/Lab 10/Lab_10.srcs/sources_1/imports/new/Prog_counter.vhd', nor could it be found using path 'D:/LAB_PROJECT/Lab 10 full/Lab 10 full/Lab 10/Lab 10.srcs/sources_1/imports/new/Prog_counter.vhd'.
CRITICAL WARNING: [Project 1-311] Could not find the file 'D:/Gimhan Sandeeptha/Gimhan/Semester 02/Computer Organization and Digital Design/Labs/Lab 10/LAB_PROJECT/Lab10full/Lab 10 full/Lab 10/Lab_10.srcs/sources_1/imports/new/RCA.vhd', nor could it be found using path 'D:/LAB_PROJECT/Lab 10 full/Lab 10 full/Lab 10/Lab 10.srcs/sources_1/imports/new/RCA.vhd'.
CRITICAL WARNING: [Project 1-311] Could not find the file 'D:/Gimhan Sandeeptha/Gimhan/Semester 02/Computer Organization and Digital Design/Labs/Lab 10/LAB_PROJECT/Lab10full/Lab 10 full/Lab 10/Lab_10.srcs/sources_1/imports/new/RCA8bit.vhd', nor could it be found using path 'D:/LAB_PROJECT/Lab 10 full/Lab 10 full/Lab 10/Lab 10.srcs/sources_1/imports/new/RCA8bit.vhd'.
CRITICAL WARNING: [Project 1-311] Could not find the file 'D:/Gimhan Sandeeptha/Gimhan/Semester 02/Computer Organization and Digital Design/Labs/Lab 10/LAB_PROJECT/Lab10full/Lab 10 full/Lab 10/Lab_10.srcs/sources_1/new/RCA_4.vhd', nor could it be found using path 'D:/LAB_PROJECT/Lab 10 full/Lab 10 full/Lab 10/Lab 10.srcs/sources_1/new/RCA_4.vhd'.
CRITICAL WARNING: [Project 1-311] Could not find the file 'D:/Gimhan Sandeeptha/Gimhan/Semester 02/Computer Organization and Digital Design/Labs/Lab 10/LAB_PROJECT/Lab10full/Lab 10 full/Lab 10/Lab_10.srcs/sources_1/imports/new/RCA_8bit.vhd', nor could it be found using path 'D:/LAB_PROJECT/Lab 10 full/Lab 10 full/Lab 10/Lab 10.srcs/sources_1/imports/new/RCA_8bit.vhd'.
CRITICAL WARNING: [Project 1-311] Could not find the file 'D:/Gimhan Sandeeptha/Gimhan/Semester 02/Computer Organization and Digital Design/Labs/Lab 10/LAB_PROJECT/Lab10full/Lab 10 full/Lab 10/Lab_10.srcs/sources_1/imports/sources_1/imports/new/Reg.vhd', nor could it be found using path 'D:/LAB_PROJECT/Lab 10 full/Lab 10 full/Lab 10/Lab 10.srcs/sources_1/imports/sources_1/imports/new/Reg.vhd'.
CRITICAL WARNING: [Project 1-311] Could not find the file 'D:/Gimhan Sandeeptha/Gimhan/Semester 02/Computer Organization and Digital Design/Labs/Lab 10/LAB_PROJECT/Lab10full/Lab 10 full/Lab 10/Lab_10.srcs/sources_1/imports/sources_1/new/RegBank.vhd', nor could it be found using path 'D:/LAB_PROJECT/Lab 10 full/Lab 10 full/Lab 10/Lab 10.srcs/sources_1/imports/sources_1/new/RegBank.vhd'.
CRITICAL WARNING: [Project 1-311] Could not find the file 'D:/Gimhan Sandeeptha/Gimhan/Semester 02/Computer Organization and Digital Design/Labs/Lab 10/LAB_PROJECT/Lab10full/Lab 10 full/Lab 10/Lab_10.srcs/sources_1/imports/sources_1/new/Reset.vhd', nor could it be found using path 'D:/LAB_PROJECT/Lab 10 full/Lab 10 full/Lab 10/Lab 10.srcs/sources_1/imports/sources_1/new/Reset.vhd'.
CRITICAL WARNING: [Project 1-311] Could not find the file 'D:/Gimhan Sandeeptha/Gimhan/Semester 02/Computer Organization and Digital Design/Labs/Lab 10/LAB_PROJECT/Lab10full/Lab 10 full/Lab 10/Lab_10.srcs/sources_1/imports/new/Reseter.vhd', nor could it be found using path 'D:/LAB_PROJECT/Lab 10 full/Lab 10 full/Lab 10/Lab 10.srcs/sources_1/imports/new/Reseter.vhd'.
CRITICAL WARNING: [Project 1-311] Could not find the file 'D:/Gimhan Sandeeptha/Gimhan/Semester 02/Computer Organization and Digital Design/Labs/Lab 10/LAB_PROJECT/Lab10full/Lab 10 full/Lab 10/Lab_10.srcs/sources_1/imports/new/Slow_Clk.vhd', nor could it be found using path 'D:/LAB_PROJECT/Lab 10 full/Lab 10 full/Lab 10/Lab 10.srcs/sources_1/imports/new/Slow_Clk.vhd'.
CRITICAL WARNING: [Project 1-311] Could not find the file 'D:/Gimhan Sandeeptha/Gimhan/Semester 02/Computer Organization and Digital Design/Labs/Lab 10/LAB_PROJECT/Lab10full/Lab 10 full/Lab 10/Lab_10.srcs/sources_1/imports/new/TWISTER.vhd', nor could it be found using path 'D:/LAB_PROJECT/Lab 10 full/Lab 10 full/Lab 10/Lab 10.srcs/sources_1/imports/new/TWISTER.vhd'.
CRITICAL WARNING: [Project 1-311] Could not find the file 'D:/Gimhan Sandeeptha/Gimhan/Semester 02/Computer Organization and Digital Design/Labs/Lab 10/LAB_PROJECT/Lab10full/Lab 10 full/Lab 10/Lab_10.srcs/sources_1/imports/new/signed_divider.vhd', nor could it be found using path 'D:/LAB_PROJECT/Lab 10 full/Lab 10 full/Lab 10/Lab 10.srcs/sources_1/imports/new/signed_divider.vhd'.
CRITICAL WARNING: [Project 1-311] Could not find the file 'D:/Gimhan Sandeeptha/Gimhan/Semester 02/Computer Organization and Digital Design/Labs/Lab 10/LAB_PROJECT/Lab10full/Lab 10 full/Lab 10/Lab_10.srcs/sources_1/imports/new/validator.vhd', nor could it be found using path 'D:/LAB_PROJECT/Lab 10 full/Lab 10 full/Lab 10/Lab 10.srcs/sources_1/imports/new/validator.vhd'.
CRITICAL WARNING: [Project 1-311] Could not find the file 'D:/Gimhan Sandeeptha/Gimhan/Semester 02/Computer Organization and Digital Design/Labs/Lab 10/LAB_PROJECT/Lab10full/Lab 10 full/Lab 10/Lab_10.srcs/sources_1/new/NanoProcessor.vhd', nor could it be found using path 'D:/LAB_PROJECT/Lab 10 full/Lab 10 full/Lab 10/Lab 10.srcs/sources_1/new/NanoProcessor.vhd'.
CRITICAL WARNING: [Project 1-311] Could not find the file 'D:/Gimhan Sandeeptha/Gimhan/Semester 02/Computer Organization and Digital Design/Labs/Lab 10/LAB_PROJECT/Lab10full/Lab 10 full/Lab 10/Lab_10.srcs/constrs_1/imports/labs_com_digi/Basys3Labs.xdc', nor could it be found using path 'D:/LAB_PROJECT/Lab 10 full/Lab 10 full/Lab 10/Lab 10.srcs/constrs_1/imports/labs_com_digi/Basys3Labs.xdc'.
CRITICAL WARNING: [Project 1-311] Could not find the file 'D:/Gimhan Sandeeptha/Gimhan/Semester 02/Computer Organization and Digital Design/Labs/Lab 10/LAB_PROJECT/Lab10full/Lab 10 full/Lab 10/Lab_10.srcs/sim_1/new/TB_Nano.vhd', nor could it be found using path 'D:/LAB_PROJECT/Lab 10 full/Lab 10 full/Lab 10/Lab 10.srcs/sim_1/new/TB_Nano.vhd'.
Scanning sources...
Finished scanning sources
WARNING: [filemgmt 56-2] IPUserFilesDir: Could not find the directory 'D:/Gimhan Sandeeptha/Gimhan/Semester 02/Computer Organization and Digital Design/Labs/Lab 10/LAB_PROJECT/Lab10full/Lab 10 full/Lab 10/Lab_10.ip_user_files', nor could it be found using path 'D:/LAB_PROJECT/Lab 10 full/Lab 10 full/Lab 10/Lab 10.ip_user_files'.
INFO: [IP_Flow 19-234] Refreshing IP repositories
INFO: [IP_Flow 19-1704] No user IP repositories specified
INFO: [IP_Flow 19-2313] Loaded Vivado IP repository 'C:/Xilinx/Vivado/2018.2/data/ip'.
open_project: Time (s): cpu = 00:00:12 ; elapsed = 00:00:11 . Memory (MB): peak = 887.879 ; gain = 154.406
update_compile_order -fileset sim_1
update_compile_order -fileset sources_1
exit
INFO: [Common 17-206] Exiting Vivado at Thu Aug 18 06:16:59 2022...
